<?xml version="1.0" encoding="UTF-8" ?>
<testsuite errors="0" failures="0" hostname="dealmoon-PC" name="com.test.Test1" skipped="0" tests="1" time="0.17" timestamp="2015-04-03T06:28:07">
  <properties>
    <property name="ant.project.invoked-targets" value="junit and report" />
    <property name="java.runtime.name" value="Java(TM) SE Runtime Environment" />
    <property name="ant.file.type.AntTestDemo" value="file" />
    <property name="sun.boot.library.path" value="E:\Java\jdk1.8.0_11\jre\bin" />
    <property name="java.vm.version" value="25.11-b03" />
    <property name="ant.library.dir" value="E:\eclipse\plugins\org.apache.ant_1.9.2.v201404171502\lib" />
    <property name="ant.version" value="Apache Ant(TM) version 1.9.2 compiled on July 8 2013" />
    <property name="ant.java.version" value="1.8" />
    <property name="java.vm.vendor" value="Oracle Corporation" />
    <property name="java.vendor.url" value="http://java.oracle.com/" />
    <property name="path.separator" value=";" />
    <property name="java.vm.name" value="Java HotSpot(TM) 64-Bit Server VM" />
    <property name="file.encoding.pkg" value="sun.io" />
    <property name="user.script" value="" />
    <property name="user.country" value="CN" />
    <property name="sun.java.launcher" value="SUN_STANDARD" />
    <property name="sun.os.patch.level" value="Service Pack 1" />
    <property name="test" value="test" />
    <property name="java.vm.specification.name" value="Java Virtual Machine Specification" />
    <property name="user.dir" value="E:\workspace\TestAnt" />
    <property name="java.runtime.version" value="1.8.0_11-b12" />
    <property name="java.awt.graphicsenv" value="sun.awt.Win32GraphicsEnvironment" />
    <property name="basedir" value="E:\workspace\TestAnt" />
    <property name="java.endorsed.dirs" value="E:\Java\jdk1.8.0_11\jre\lib\endorsed" />
    <property name="os.arch" value="amd64" />
    <property name="ant.project.default-target" value="junit and report" />
    <property name="java.io.tmpdir" value="C:\Users\ADMINI~1\AppData\Local\Temp\" />
    <property name="ant.core.lib" value="E:\eclipse\plugins\org.apache.ant_1.9.2.v201404171502\lib\ant.jar" />
    <property name="line.separator" value="&#xd;&#xa;" />
    <property name="java.vm.specification.vendor" value="Oracle Corporation" />
    <property name="user.variant" value="" />
    <property name="os.name" value="Windows 7" />
    <property name="ant.home" value="E:\eclipse\plugins\org.apache.ant_1.9.2.v201404171502" />
    <property name="ant.project.name" value="AntTestDemo" />
    <property name="sun.jnu.encoding" value="GBK" />
    <property name="java.library.path" value="E:\Java\jdk1.8.0_11\jre\bin;C:\Windows\Sun\Java\bin;C:\Windows\system32;C:\Windows;C:\Windows\system32;C:\Windows;C:\Windows\System32\Wbem;C:\Windows\System32\WindowsPowerShell\v1.0\;E:\Java\jdk1.8.0_11\bin;E:\apache-maven-3.3.1\bin;F:\Program Files\TortoiseGit\bin;.;;.;;.;;.;;." />
    <property name="src" value="src" />
    <property name="java.specification.name" value="Java Platform API Specification" />
    <property name="java.class.version" value="52.0" />
    <property name="sun.management.compiler" value="HotSpot 64-Bit Tiered Compilers" />
    <property name="output" value="bin" />
    <property name="os.version" value="6.1" />
    <property name="ant.file" value="E:\workspace\TestAnt\build.xml" />
    <property name="user.home" value="C:\Users\Administrator" />
    <property name="user.timezone" value="Asia/Shanghai" />
    <property name="java.awt.printerjob" value="sun.awt.windows.WPrinterJob" />
    <property name="java.specification.version" value="1.8" />
    <property name="file.encoding" value="GBK" />
    <property name="user.name" value="Administrator" />
    <property name="java.class.path" value="E:\workspace\TestAnt\bin;E:\workspace\TestAnt\lib\commons-beanutils-1.7.jar;E:\workspace\TestAnt\lib\commons-collections-3.2.jar;E:\workspace\TestAnt\lib\commons-io-1.3.2.jar;E:\workspace\TestAnt\lib\commons-lang-2.3.jar;E:\workspace\TestAnt\lib\commons-logging-1.0.4.jar;E:\workspace\TestAnt\lib\ezmorph-1.0.6.jar;E:\workspace\TestAnt\lib\hamcrest-core-1.3.jar;E:\workspace\TestAnt\lib\jaxen-1.1.1.jar;E:\workspace\TestAnt\lib\json-lib-2.2.3-jdk15.jar;E:\workspace\TestAnt\lib\junit-4.11.jar;E:\workspace\TestAnt\lib\xmlunit-1.6.jar;E:\workspace\TestAnt\lib\xom-1.2.1.jar;E:\workspace\TestInterface07\lib\junit-4.11.jar;E:\eclipse\plugins\org.apache.ant_1.9.2.v201404171502\lib\ant-launcher.jar;E:\eclipse\plugins\org.apache.ant_1.9.2.v201404171502\lib\ant.jar;E:\eclipse\plugins\org.apache.ant_1.9.2.v201404171502\lib\ant-junit.jar;E:\eclipse\plugins\org.apache.ant_1.9.2.v201404171502\lib\ant-junit4.jar" />
    <property name="java.vm.specification.version" value="1.8" />
    <property name="java.home" value="E:\Java\jdk1.8.0_11\jre" />
    <property name="sun.java.command" value="org.apache.tools.ant.taskdefs.optional.junit.JUnitTestRunner com.test.Test1 filtertrace=true haltOnError=false haltOnFailure=false formatter=org.apache.tools.ant.taskdefs.optional.junit.SummaryJUnitResultFormatter showoutput=true outputtoformatters=true logfailedtests=true logtestlistenerevents=false formatter=org.apache.tools.ant.taskdefs.optional.junit.XMLJUnitResultFormatter,E:\workspace\TestAnt\report\TEST-com.test.Test1.xml crashfile=E:\workspace\TestAnt\junitvmwatcher7794178936000606154.properties propsfile=E:\workspace\TestAnt\junit7528186934685161478.properties" />
    <property name="sun.arch.data.model" value="64" />
    <property name="java.specification.vendor" value="Oracle Corporation" />
    <property name="user.language" value="zh" />
    <property name="awt.toolkit" value="sun.awt.windows.WToolkit" />
    <property name="java.vm.info" value="mixed mode" />
    <property name="java.version" value="1.8.0_11" />
    <property name="java.ext.dirs" value="E:\Java\jdk1.8.0_11\jre\lib\ext;C:\Windows\Sun\Java\lib\ext" />
    <property name="sun.boot.class.path" value="E:\Java\jdk1.8.0_11\jre\lib\resources.jar;E:\Java\jdk1.8.0_11\jre\lib\rt.jar;E:\Java\jdk1.8.0_11\jre\lib\sunrsasign.jar;E:\Java\jdk1.8.0_11\jre\lib\jsse.jar;E:\Java\jdk1.8.0_11\jre\lib\jce.jar;E:\Java\jdk1.8.0_11\jre\lib\charsets.jar;E:\Java\jdk1.8.0_11\jre\lib\jfr.jar;E:\Java\jdk1.8.0_11\jre\classes" />
    <property name="java.vendor" value="Oracle Corporation" />
    <property name="file.separator" value="\" />
    <property name="java.vendor.url.bug" value="http://bugreport.sun.com/bugreport/" />
    <property name="ant.file.AntTestDemo" value="E:\workspace\TestAnt\build.xml" />
    <property name="report" value="report" />
    <property name="sun.cpu.endian" value="little" />
    <property name="sun.io.unicode.encoding" value="UnicodeLittle" />
    <property name="sun.desktop" value="windows" />
    <property name="sun.cpu.isalist" value="amd64" />
  </properties>
  <testcase classname="com.test.Test1" name="test" time="0.0" />
  <system-out><![CDATA[test1....
]]></system-out>
  <system-err><![CDATA[]]></system-err>
</testsuite>
